{"level":"info","message":"project3 is running on localhost:8080"}
{"level":"error","message":"You can't select past date!"}
{"level":"error","message":"You are already signed up!"}
{"level":"error","message":"The email is invalid!"}
{"level":"error","message":"End date must be later than start date!"}
{"level":"info","message":"project3 is running on localhost:8080"}
{"level":"info","message":"project3 is running on localhost:8080"}
{"level":"info","message":"project3 is running on localhost:8080"}
{"level":"info","message":"project3 is running on localhost:8080"}
{"level":"info","message":"project3 is running on localhost:3001"}
{"level":"info","message":"project3 is running on localhost:8080"}
{"level":"error","message":"Unauthorized"}
{"level":"info","message":"project3 is running on localhost:8080"}
{"level":"info","message":"project3 is running on localhost:8080"}
{"level":"info","message":"project3 is running on localhost:8080"}
{"level":"error","message":"End date must be later than start date!"}
{"level":"info","message":"project3 is running on localhost:8080"}
{"level":"info","message":"project3 is running on localhost:8080"}
{"level":"info","message":"project3 is running on localhost:8080"}
{"level":"info","message":"project3 is running on localhost:8080"}
{"level":"info","message":"project3 is running on localhost:8080"}
{"level":"info","message":"project3 is running on localhost:8080"}
{"level":"info","message":"project3 is running on localhost:8080"}
{"level":"info","message":"project3 is running on localhost:8080"}
{"level":"info","message":"project3 is running on localhost:8080"}
{"level":"info","message":"project3 is running on localhost:8080"}
{"level":"info","message":"project3 is running on localhost:8080"}
{"level":"info","message":"project3 is running on localhost:8080"}
{"level":"info","message":"project3 is running on localhost:8080"}
{"level":"info","message":"project3 is running on localhost:8080"}
{"level":"info","message":"project3 is running on localhost:8080"}
{"level":"info","message":"project3 is running on localhost:8080"}
{"level":"info","message":"project3 is running on localhost:8080"}
{"level":"info","message":"project3 is running on localhost:8080"}
{"level":"info","message":"project3 is running on localhost:8080"}
{"level":"info","message":"project3 is running on localhost:8080"}
{"level":"info","message":"project3 is running on localhost:8080"}
{"level":"info","message":"project3 is running on localhost:8080"}
{"level":"info","message":"project3 is running on localhost:8080"}
{"level":"info","message":"project3 is running on localhost:8080"}
{"level":"info","message":"project3 is running on localhost:8080"}
{"level":"info","message":"project3 is running on localhost:8080"}
{"level":"info","message":"project3 is running on localhost:8080"}
{"level":"error","message":"jwt expired"}
{"level":"info","message":"project3 is running on localhost:8080"}
{"level":"info","message":"project3 is running on localhost:8080"}
{"level":"info","message":"project3 is running on localhost:8080"}
{"level":"info","message":"project3 is running on localhost:8080"}
{"level":"info","message":"project3 is running on localhost:8080"}
{"level":"info","message":"project3 is running on localhost:8080"}
{"level":"info","message":"project3 is running on localhost:8080"}
{"level":"info","message":"project3 is running on localhost:8080"}
{"level":"error","message":"jwt expired"}
{"level":"error","message":"End date must be later than start date!"}
{"level":"info","message":"project3 is running on localhost:8080"}
{"level":"info","message":"project3 is running on localhost:8080"}
{"level":"info","message":"project3 is running on localhost:8080"}
{"level":"error","message":"jwt expired"}
