{"level":"error","message":"You can't select past date!"}
{"level":"error","message":"You are already signed up!"}
{"level":"error","message":"The email is invalid!"}
{"level":"error","message":"End date must be later than start date!"}
{"level":"error","message":"Unauthorized"}
{"level":"error","message":"End date must be later than start date!"}
{"level":"error","message":"jwt expired"}
{"level":"error","message":"jwt expired"}
{"level":"error","message":"End date must be later than start date!"}
{"level":"error","message":"jwt expired"}
{"level":"error","message":"You are already signed up!"}
{"level":"error","message":"Unauthorized"}
{"level":"error","message":"Unauthorized"}
{"level":"error","message":{"code":"ECONNREFUSED","fatal":true}}
{"level":"error","message":"Unauthorized"}
{"level":"error","message":"Unauthorized"}
{"level":"error","message":"jwt expired"}
{"level":"error","message":"did not find such a combination of username and password"}
{"level":"error","message":"You can't select past date!"}
{"level":"error","message":"You can't select past date!"}
{"level":"error","message":"\"destination\" length must be at least 4 characters long"}
